#
# There is insufficient memory for the Java Runtime Environment to continue.
# Native memory allocation (malloc) failed to allocate 1048576 bytes for AllocateHeap
# Possible reasons:
#   The system is out of physical RAM or swap space
#   The process is running with CompressedOops enabled, and the Java Heap may be blocking the growth of the native heap
# Possible solutions:
#   Reduce memory load on the system
#   Increase physical memory or swap space
#   Check if swap backing store is full
#   Decrease Java heap size (-Xmx/-Xms)
#   Decrease number of Java threads
#   Decrease Java thread stack sizes (-Xss)
#   Set larger code cache with -XX:ReservedCodeCacheSize=
#   JVM is running with Unscaled Compressed Oops mode in which the Java heap is
#     placed in the first 4GB address space. The Java Heap base address is the
#     maximum limit for the native heap growth. Please use -XX:HeapBaseMinAddress
#     to set the Java Heap base and to place the Java Heap above 4GB virtual address.
# This output file may be truncated or incomplete.
#
#  Out of Memory Error (./open/src/hotspot/share/memory/allocation.cpp:44), pid=11548, tid=3768
#
# JRE version:  (15.0.2+7) (build )
# Java VM: OpenJDK 64-Bit Server VM (15.0.2+7-27, mixed mode, sharing, tiered, compressed oops, g1 gc, windows-amd64)
# No core dump will be written. Minidumps are not enabled by default on client versions of Windows
#

---------------  S U M M A R Y ------------

Command Line: -Dcom.sun.management.jmxremote -Dcom.sun.management.jmxremote.port=7509 -Dcom.sun.management.jmxremote.authenticate=false -Dcom.sun.management.jmxremote.ssl=false -Djava.rmi.server.hostname=localhost -Dspring.jmx.enabled=true -Dspring.application.admin.enabled=true -XX:TieredStopAtLevel=1 -Dspring.boot.project.name=api-gateway -Dfile.encoding=UTF-8 -XX:+ShowCodeDetailsInExceptionMessages edu.ajou.msa.ApiGatewayApplication

Host: Intel(R) Core(TM) i7-8750H CPU @ 2.20GHz, 12 cores, 3G,  Windows 10 , 64 bit Build 19041 (10.0.19041.1023)
Time: Sat Jul 17 20:10:17 2021 대한민국 표준시 elapsed time: 0.021210 seconds (0d 0h 0m 0s)

---------------  T H R E A D  ---------------

Current thread (0x000002178170c3e0):  JavaThread "Unknown thread" [_thread_in_vm, id=3768, stack(0x00000061b4100000,0x00000061b4200000)]

Stack: [0x00000061b4100000,0x00000061b4200000]
Native frames: (J=compiled Java code, j=interpreted, Vv=VM code, C=native code)
V  [jvm.dll+0x62ae9a]
V  [jvm.dll+0x7817a9]
V  [jvm.dll+0x782f03]
V  [jvm.dll+0x783563]
V  [jvm.dll+0x216325]
V  [jvm.dll+0x8ebb2]
V  [jvm.dll+0x2a2604]
V  [jvm.dll+0x75e20c]
V  [jvm.dll+0x3341c4]
V  [jvm.dll+0x73e926]
V  [jvm.dll+0x3b7557]
V  [jvm.dll+0x3b8fe1]
C  [jli.dll+0x52fb]
C  [ucrtbase.dll+0x21bb2]
C  [KERNEL32.DLL+0x17034]
C  [ntdll.dll+0x52651]


---------------  P R O C E S S  ---------------

Threads class SMR info:
_java_thread_list=0x00007ff913a04ff0, length=0, elements={
}

Java Threads: ( => current thread )

Other Threads:

=>0x000002178170c3e0 (exited) JavaThread "Unknown thread" [_thread_in_vm, id=3768, stack(0x00000061b4100000,0x00000061b4200000)]

Threads with active compile tasks:

VM state: not at safepoint (not fully initialized)

VM Mutex/Monitor currently owned by a thread: None

Heap address: 0x0000000000000000, size: 0 MB, Compressed Oops mode: 32-bit
CDS archive(s) mapped at: [0x0000000000000000-0x0000000000000000-0x0000000000000000), size 0, SharedBaseAddress: 0x0000000800000000, ArchiveRelocationMode: 0.
Narrow klass base: 0x0000000000000000, Narrow klass shift: 0, Narrow klass range: 0x0

GC Heap History (0 events):
No events

Deoptimization events (0 events):
No events

Classes unloaded (0 events):
No events

Classes redefined (0 events):
No events

Internal exceptions (0 events):
No events

Events (1 events):
Event: 0.013 Loaded shared library C:\edu\ajou\build\jdk-15.0.2\bin\java.dll


Dynamic libraries:
0x00007ff7256a0000 - 0x00007ff7256ad000 	C:\edu\ajou\build\jdk-15.0.2\bin\javaw.exe
0x00007ff953970000 - 0x00007ff953b65000 	C:\WINDOWS\SYSTEM32\ntdll.dll
0x00007ff952bc0000 - 0x00007ff952c7d000 	C:\WINDOWS\System32\KERNEL32.DLL
0x00007ff951460000 - 0x00007ff951729000 	C:\WINDOWS\System32\KERNELBASE.dll
0x00007ff94e9b0000 - 0x00007ff94ea40000 	C:\WINDOWS\SYSTEM32\apphelp.dll
0x00007ff951730000 - 0x00007ff951830000 	C:\WINDOWS\System32\ucrtbase.dll
0x00007ff933ce0000 - 0x00007ff933cf8000 	C:\edu\ajou\build\jdk-15.0.2\bin\jli.dll
0x00007ff933a70000 - 0x00007ff933a89000 	C:\edu\ajou\build\jdk-15.0.2\bin\VCRUNTIME140.dll
0x00007ff952570000 - 0x00007ff952710000 	C:\WINDOWS\System32\USER32.dll
0x00007ff951430000 - 0x00007ff951452000 	C:\WINDOWS\System32\win32u.dll
0x00007ff93faa0000 - 0x00007ff93fd3a000 	C:\WINDOWS\WinSxS\amd64_microsoft.windows.common-controls_6595b64144ccf1df_6.0.19041.1110_none_60b5254171f9507e\COMCTL32.dll
0x00007ff9519e0000 - 0x00007ff951a0a000 	C:\WINDOWS\System32\GDI32.dll
0x00007ff953810000 - 0x00007ff9538ae000 	C:\WINDOWS\System32\msvcrt.dll
0x00007ff951290000 - 0x00007ff95139b000 	C:\WINDOWS\System32\gdi32full.dll
0x00007ff9510b0000 - 0x00007ff95114d000 	C:\WINDOWS\System32\msvcp_win.dll
0x00007ff952430000 - 0x00007ff952460000 	C:\WINDOWS\System32\IMM32.DLL
0x00007ff94e880000 - 0x00007ff94e88c000 	C:\edu\ajou\build\jdk-15.0.2\bin\vcruntime140_1.dll
0x00007ff91de10000 - 0x00007ff91dea1000 	C:\edu\ajou\build\jdk-15.0.2\bin\msvcp140.dll
0x00007ff912f40000 - 0x00007ff913a9e000 	C:\edu\ajou\build\jdk-15.0.2\bin\server\jvm.dll
0x00007ff951b50000 - 0x00007ff951bfc000 	C:\WINDOWS\System32\ADVAPI32.dll
0x00007ff952d40000 - 0x00007ff952ddb000 	C:\WINDOWS\System32\sechost.dll
0x00007ff9536e0000 - 0x00007ff95380a000 	C:\WINDOWS\System32\RPCRT4.dll
0x00007ff952de0000 - 0x00007ff952de8000 	C:\WINDOWS\System32\PSAPI.DLL
0x00007ff94e930000 - 0x00007ff94e957000 	C:\WINDOWS\SYSTEM32\WINMM.dll
0x00007ff9499b0000 - 0x00007ff9499ba000 	C:\WINDOWS\SYSTEM32\VERSION.dll
0x00007ff94cda0000 - 0x00007ff94cda9000 	C:\WINDOWS\SYSTEM32\WSOCK32.dll
0x00007ff953610000 - 0x00007ff95367b000 	C:\WINDOWS\System32\WS2_32.dll
0x00007ff94efa0000 - 0x00007ff94efb2000 	C:\WINDOWS\SYSTEM32\kernel.appcore.dll
0x00007ff94cbf0000 - 0x00007ff94cbfa000 	C:\edu\ajou\build\jdk-15.0.2\bin\jimage.dll
0x00007ff93b5a0000 - 0x00007ff93b784000 	C:\WINDOWS\SYSTEM32\DBGHELP.DLL
0x00007ff93bdc0000 - 0x00007ff93bdec000 	C:\WINDOWS\SYSTEM32\dbgcore.DLL
0x00007ff9513a0000 - 0x00007ff951423000 	C:\WINDOWS\System32\bcryptPrimitives.dll
0x00007ff933670000 - 0x00007ff933695000 	C:\edu\ajou\build\jdk-15.0.2\bin\java.dll

dbghelp: loaded successfully - version: 4.0.5 - missing functions: none
symbol engine: initialized successfully - sym options: 0x614 - pdb path: .;C:\edu\ajou\build\jdk-15.0.2\bin;C:\WINDOWS\SYSTEM32;C:\WINDOWS\WinSxS\amd64_microsoft.windows.common-controls_6595b64144ccf1df_6.0.19041.1110_none_60b5254171f9507e;C:\edu\ajou\build\jdk-15.0.2\bin\server

VM Arguments:
jvm_args: -Dcom.sun.management.jmxremote -Dcom.sun.management.jmxremote.port=7509 -Dcom.sun.management.jmxremote.authenticate=false -Dcom.sun.management.jmxremote.ssl=false -Djava.rmi.server.hostname=localhost -Dspring.jmx.enabled=true -Dspring.application.admin.enabled=true -XX:TieredStopAtLevel=1 -Dspring.boot.project.name=api-gateway -Dfile.encoding=UTF-8 -XX:+ShowCodeDetailsInExceptionMessages 
java_command: edu.ajou.msa.ApiGatewayApplication
java_class_path (initial): C:\edu\ajou\maven\repository\api-gateway\target\classes;C:\edu\ajou\maven\repository\org\springframework\boot\spring-boot-starter\2.5.2\spring-boot-starter-2.5.2.jar;C:\edu\ajou\maven\repository\org\springframework\boot\spring-boot\2.5.2\spring-boot-2.5.2.jar;C:\edu\ajou\maven\repository\org\springframework\spring-context\5.3.8\spring-context-5.3.8.jar;C:\edu\ajou\maven\repository\org\springframework\boot\spring-boot-autoconfigure\2.5.2\spring-boot-autoconfigure-2.5.2.jar;C:\edu\ajou\maven\repository\org\springframework\boot\spring-boot-starter-logging\2.5.2\spring-boot-starter-logging-2.5.2.jar;C:\edu\ajou\maven\repository\ch\qos\logback\logback-classic\1.2.3\logback-classic-1.2.3.jar;C:\edu\ajou\maven\repository\ch\qos\logback\logback-core\1.2.3\logback-core-1.2.3.jar;C:\edu\ajou\maven\repository\org\apache\logging\log4j\log4j-to-slf4j\2.14.1\log4j-to-slf4j-2.14.1.jar;C:\edu\ajou\maven\repository\org\apache\logging\log4j\log4j-api\2.14.1\log4j-api-2.14.1.jar;C:\edu\ajou\maven\repository\org\slf4j\jul-to-slf4j\1.7.31\jul-to-slf4j-1.7.31.jar;C:\edu\ajou\maven\repository\jakarta\annotation\jakarta.annotation-api\1.3.5\jakarta.annotation-api-1.3.5.jar;C:\edu\ajou\maven\repository\org\springframework\spring-core\5.3.8\spring-core-5.3.8.jar;C:\edu\ajou\maven\repository\org\springframework\spring-jcl\5.3.8\spring-jcl-5.3.8.jar;C:\edu\ajou\maven\repository\org\yaml\snakeyaml\1.28\snakeyaml-1.28.jar;C:\edu\ajou\maven\repository\org\springframework\boot\spring-boot-starter-data-jpa\2.5.2\spring-boot-starter-data-jpa-2.5.2.jar;C:\edu\ajou\maven\repository\org\springframework\boot\spring-boot-starter-aop\2.5.2\spring-boot-starter-aop-2.5.2.jar;C:\edu\ajou\maven\repository\org\springframework\spring-aop\5.3.8\spring-aop-5.3.8.jar;C:\edu\ajou\maven\repository\org\aspectj\aspectjweaver\1.9.6\aspectjweaver-1.9.6.jar;C:\edu\ajou\maven\repository\org\springframework\boot\spring-boot-starter-jdbc\2.5.2\spring-boot-starter-jdbc-2.5.2.jar;C:\edu\ajou\maven
Launcher Type: SUN_STANDARD

[Global flags]
     intx CICompilerCount                          = 4                                         {product} {ergonomic}
     uint ConcGCThreads                            = 3                                         {product} {ergonomic}
     uint G1ConcRefinementThreads                  = 10                                        {product} {ergonomic}
   size_t G1HeapRegionSize                         = 1048576                                   {product} {ergonomic}
    uintx GCDrainStackTargetSize                   = 64                                        {product} {ergonomic}
   size_t InitialHeapSize                          = 65011712                                  {product} {ergonomic}
     bool ManagementServer                         = true                                      {product} {command line}
   size_t MarkStackSize                            = 4194304                                   {product} {ergonomic}
   size_t MaxHeapSize                              = 1033895936                                {product} {ergonomic}
   size_t MinHeapDeltaBytes                        = 1048576                                   {product} {ergonomic}
   size_t MinHeapSize                              = 8388608                                   {product} {ergonomic}
    uintx NonNMethodCodeHeapSize                   = 7549744                                {pd product} {ergonomic}
    uintx NonProfiledCodeHeapSize                  = 244108496                              {pd product} {ergonomic}
    uintx ProfiledCodeHeapSize                     = 0                                      {pd product} {ergonomic}
    uintx ReservedCodeCacheSize                    = 251658240                              {pd product} {ergonomic}
     bool SegmentedCodeCache                       = true                                      {product} {ergonomic}
     bool ShowCodeDetailsInExceptionMessages       = true                                   {manageable} {command line}
   size_t SoftMaxHeapSize                          = 1033895936                             {manageable} {ergonomic}
     intx TieredStopAtLevel                        = 1                                         {product} {command line}
     bool UseCompressedClassPointers               = true                                 {lp64_product} {ergonomic}
     bool UseCompressedOops                        = true                                 {lp64_product} {ergonomic}
     bool UseG1GC                                  = true                                      {product} {ergonomic}
     bool UseLargePagesIndividualAllocation        = false                                  {pd product} {ergonomic}

Logging:
Log output configuration:
 #0: stdout all=warning uptime,level,tags
 #1: stderr all=off uptime,level,tags

Environment Variables:
JAVA_HOME=C:\Program Files\jdk-15.0.1
PATH=C:/edu/ajou/build/jdk-15.0.2/bin/server;C:/edu/ajou/build/jdk-15.0.2/bin;C:/Users/dlrbq/AppData/Local/Temp/eoiEBB4.tmp//plugins/org.eclipse.justj.openjdk.hotspot.jre.minimal.stripped.win32.x86_64_16.0.1.v20210528-1205/jre/bin/server;C:/Users/dlrbq/AppData/Local/Temp/eoiEBB4.tmp//plugins/org.eclipse.justj.openjdk.hotspot.jre.minimal.stripped.win32.x86_64_16.0.1.v20210528-1205/jre/bin;"C:\Program Files\jdk-15.0.1\bin;C:\WINDOWS\system32";C:\WINDOWS;C:\WINDOWS\System32\Wbem;C:\WINDOWS\System32\WindowsPowerShell\v1.0\;C:\WINDOWS\System32\OpenSSH\;";";C:\MinGW\bin;C:\Program Files (x86)\PuTTY\;C:\WINDOWS\system32;C:\Program Files\Git\cmd;C:\Program Files\jdk-15.0.1\bin;C:\Program Files\nodejs\;C:\Users\dlrbq\AppData\Roaming\npm\node_modules\yarn\bin;C:\java-for maven\apache-maven-3.8.1\bin;;C:\Program Files\Docker\Docker\resources\bin;C:\ProgramData\DockerDesktop\version-bin;C:\Ruby27-x64\bin;C:\Users\dlrbq\AppData\Local\Programs\Python\Python39\Scripts\;C:\Users\dlrbq\AppData\Local\Programs\Python\Python39\;C:\Program Files\jdk-15.0.1\bin;C:\Users\dlrbq\AppData\Local\Microsoft\WindowsApps;C:\Users\dlrbq\AppData\Local\Programs\Microsoft VS Code\bin;C:\MinGW\bin;c:\windows\system32;C:\Users\dlrbq\AppData\Local\atom\bin;C:\Users\dlrbq\AppData\Local\Microsoft\WindowsApps;C:\Users\dlrbq\AppData\Local\GitHubDesktop\bin;C:\Users\dlrbq\AppData\Roaming\npm;C:\Program Files\JetBrains\IntelliJ IDEA 2021.1.3\bin;;C:\Users\dlrbq\Downloads;;C:\Users\dlrbq\Downloads;
USERNAME=dlrbq
OS=Windows_NT
PROCESSOR_IDENTIFIER=Intel64 Family 6 Model 158 Stepping 10, GenuineIntel



---------------  S Y S T E M  ---------------

OS:
 Windows 10 , 64 bit Build 19041 (10.0.19041.1023)
OS uptime: 0 days 19:31 hours
HyperV virtualization detected

CPU: total 12 (initial active 12) (6 cores per cpu, 2 threads per core) family 6 model 158 stepping 10 microcode 0xde, cmov, cx8, fxsr, mmx, sse, sse2, sse3, ssse3, sse4.1, sse4.2, popcnt, vzeroupper, avx, avx2, aes, clmul, erms, 3dnowpref, lzcnt, ht, tsc, tscinvbit, bmi1, bmi2, adx, fma, clflush, clflushopt

Memory: 4k page, system-wide physical 3938M (332M free)
TotalPageFile size 12130M (AvailPageFile size 6M)
current process WorkingSet (physical memory assigned to process): 10M, peak: 10M
current process commit charge ("private bytes"): 15M, peak: 16M

vm_info: OpenJDK 64-Bit Server VM (15.0.2+7-27) for windows-amd64 JRE (15.0.2+7-27), built on Dec  7 2020 20:02:38 by "mach5one" with unknown MS VC++:1925

END.
